2025-08-18 17:26:00,946 - ERROR - PowerShell command failed: ['powershell', '-Command', 'Get-Service -Name "Alerter" -ErrorAction SilentlyContinue | Select-Object Status, StartType | Format-List']
Stdout: 
Stderr: 
2025-08-18 17:26:01,140 - ERROR - PowerShell command failed: ['powershell', '-Command', 'Get-Service -Name "Automatic Updates" -ErrorAction SilentlyContinue | Select-Object Status, StartType | Format-List']
Stdout: 
Stderr: 
2025-08-18 17:26:01,340 - ERROR - PowerShell command failed: ['powershell', '-Command', 'Get-Service -Name "Clipbook" -ErrorAction SilentlyContinue | Select-Object Status, StartType | Format-List']
Stdout: 
Stderr: 
2025-08-18 17:26:01,530 - ERROR - PowerShell command failed: ['powershell', '-Command', 'Get-Service -Name "Computer Browser" -ErrorAction SilentlyContinue | Select-Object Status, StartType | Format-List']
Stdout: 
Stderr: 
2025-08-18 17:26:01,714 - ERROR - PowerShell command failed: ['powershell', '-Command', 'Get-Service -Name "Error Reporting Service" -ErrorAction SilentlyContinue | Select-Object Status, StartType | Format-List']
Stdout: 
Stderr: 
2025-08-18 17:26:01,900 - ERROR - PowerShell command failed: ['powershell', '-Command', 'Get-Service -Name "Messenger" -ErrorAction SilentlyContinue | Select-Object Status, StartType | Format-List']
Stdout: 
Stderr: 
2025-08-18 17:26:02,086 - ERROR - PowerShell command failed: ['powershell', '-Command', 'Get-Service -Name "NetMeeting Remote Desktop Sharing" -ErrorAction SilentlyContinue | Select-Object Status, StartType | Format-List']
Stdout: 
Stderr: 
2025-08-18 17:26:02,460 - ERROR - PowerShell command failed: ['powershell', '-Command', 'Get-Service -Name "Simple TCP/IP Services" -ErrorAction SilentlyContinue | Select-Object Status, StartType | Format-List']
Stdout: 
Stderr: 
2025-08-18 17:26:02,648 - ERROR - PowerShell command failed: ['powershell', '-Command', 'Get-Service -Name "Wireless Zero Configuration" -ErrorAction SilentlyContinue | Select-Object Status, StartType | Format-List']
Stdout: 
Stderr: 
2025-08-18 17:26:03,025 - ERROR - PowerShell command failed: ['powershell', '-Command', 'Get-Service -Name "W3SVC" -ErrorAction SilentlyContinue | Select-Object Status, StartType | Format-List']
Stdout: 
Stderr: 
2025-08-18 17:26:03,207 - ERROR - PowerShell command failed: ['powershell', '-Command', 'Get-Service -Name "W3SVC" -ErrorAction SilentlyContinue | Select-Object Status, StartType | Format-List']
Stdout: 
Stderr: 
2025-08-18 17:26:03,387 - ERROR - PowerShell command failed: ['powershell', '-Command', 'Get-Service -Name "W3SVC" -ErrorAction SilentlyContinue | Select-Object Status, StartType | Format-List']
Stdout: 
Stderr: 
2025-08-18 17:26:03,570 - ERROR - PowerShell command failed: ['powershell', '-Command', 'Get-Service -Name "W3SVC" -ErrorAction SilentlyContinue | Select-Object Status, StartType | Format-List']
Stdout: 
Stderr: 
2025-08-18 17:26:03,748 - ERROR - PowerShell command failed: ['powershell', '-Command', 'Get-Service -Name "W3SVC" -ErrorAction SilentlyContinue | Select-Object Status, StartType | Format-List']
Stdout: 
Stderr: 
2025-08-18 17:26:03,932 - ERROR - PowerShell command failed: ['powershell', '-Command', 'Get-Service -Name "W3SVC" -ErrorAction SilentlyContinue | Select-Object Status, StartType | Format-List']
Stdout: 
Stderr: 
2025-08-18 17:26:04,124 - ERROR - PowerShell command failed: ['powershell', '-Command', 'Get-Service -Name "W3SVC" -ErrorAction SilentlyContinue | Select-Object Status, StartType | Format-List']
Stdout: 
Stderr: 
2025-08-18 17:26:04,315 - ERROR - PowerShell command failed: ['powershell', '-Command', 'Get-Service -Name "W3SVC" -ErrorAction SilentlyContinue | Select-Object Status, StartType | Format-List']
Stdout: 
Stderr: 
2025-08-18 17:26:04,507 - ERROR - PowerShell command failed: ['powershell', '-Command', 'Get-Service -Name "W3SVC" -ErrorAction SilentlyContinue | Select-Object Status, StartType | Format-List']
Stdout: 
Stderr: 
2025-08-18 17:26:04,694 - ERROR - PowerShell command failed: ['powershell', '-Command', 'Get-Service -Name "W3SVC" -ErrorAction SilentlyContinue | Select-Object Status, StartType | Format-List']
Stdout: 
Stderr: 
2025-08-18 17:26:05,099 - ERROR - PowerShell command failed: ['powershell', '-Command', 'Get-Service -Name "W3SVC" -ErrorAction SilentlyContinue | Select-Object Status, StartType | Format-List']
Stdout: 
Stderr: 
2025-08-18 17:26:05,514 - ERROR - PowerShell command failed: ['powershell', '-Command', 'Get-Service -Name "FTPSVC" -ErrorAction SilentlyContinue | Select-Object Status, StartType | Format-List']
Stdout: 
Stderr: 
2025-08-18 17:26:05,703 - ERROR - PowerShell command failed: ['powershell', '-Command', 'Get-Service -Name "FTPSVC" -ErrorAction SilentlyContinue | Select-Object Status, StartType | Format-List']
Stdout: 
Stderr: 
2025-08-18 17:26:05,889 - ERROR - PowerShell command failed: ['powershell', '-Command', 'Get-Service -Name "FTPSVC" -ErrorAction SilentlyContinue | Select-Object Status, StartType | Format-List']
Stdout: 
Stderr: 
2025-08-18 17:26:06,083 - ERROR - PowerShell command failed: ['powershell', '-Command', 'Get-Service -Name "DNS" -ErrorAction SilentlyContinue | Select-Object Status, StartType | Format-List']
Stdout: 
Stderr: 
2025-08-18 17:26:06,265 - ERROR - PowerShell command failed: ['powershell', '-Command', 'Get-Service -Name "W3SVC" -ErrorAction SilentlyContinue | Select-Object Status, StartType | Format-List']
Stdout: 
Stderr: 
2025-08-18 17:26:06,444 - ERROR - PowerShell command failed: ['powershell', '-Command', 'Get-Service -Name "W3SVC" -ErrorAction SilentlyContinue | Select-Object Status, StartType | Format-List']
Stdout: 
Stderr: 
2025-08-18 17:26:07,193 - ERROR - PowerShell command failed: ['powershell', '-Command', 'Get-Service -Name "DNS" -ErrorAction SilentlyContinue | Select-Object Status, StartType | Format-List']
Stdout: 
Stderr: 
2025-08-18 17:26:07,376 - ERROR - PowerShell command failed: ['powershell', '-Command', 'Get-Service -Name "W3SVC" -ErrorAction SilentlyContinue | Select-Object Status, StartType | Format-List']
Stdout: 
Stderr: 
2025-08-18 17:26:07,556 - ERROR - PowerShell command failed: ['powershell', '-Command', 'Get-Service -Name "FTPSVC" -ErrorAction SilentlyContinue | Select-Object Status, StartType | Format-List']
Stdout: 
Stderr: 
2025-08-18 17:26:07,743 - ERROR - PowerShell command failed: ['powershell', '-Command', 'Get-Service -Name "SMTPSVC" -ErrorAction SilentlyContinue | Select-Object Status, StartType | Format-List']
Stdout: 
Stderr: 
2025-08-18 17:26:07,935 - ERROR - PowerShell command failed: ['powershell', '-Command', 'Get-Service -Name "TlntSvr" -ErrorAction SilentlyContinue | Select-Object Status, StartType | Format-List']
Stdout: 
Stderr: 
2025-08-18 17:26:10,407 - ERROR - PowerShell command failed: ['powershell', '-Command', 'Get-ItemProperty HKLM:\\SOFTWARE\\Microsoft\\Microsoft SQL Server\\Instance Names\\SQL -ErrorAction SilentlyContinue | Select-Object -ExpandProperty Property | ConvertTo-Json']
Stdout: 
Stderr: Get-ItemProperty : 'Server\Instance' 인수를 허용하는 위치 매개 변수를 찾을 수 없습니다.
위치 줄:1 문자:1
+ Get-ItemProperty HKLM:\SOFTWARE\Microsoft\Microsoft SQL Server\Instan ...
+ ~~~~~~~~~~~~~~~~~~~~~~~~~~~~~~~~~~~~~~~~~~~~~~~~~~~~~~~~~~~~~~~~~~~~~
    + CategoryInfo          : InvalidArgument: (:) [Get-ItemProperty], ParameterBindingException
    + FullyQualifiedErrorId : PositionalParameterNotFound,Microsoft.PowerShell.Commands.GetItemPropertyCommand
 

2025-08-18 17:26:10,959 - ERROR - 점검 모듈 'LogManagementAudit' 실행 중 오류 발생: 'LogManagementAudit' object has no attribute 'check_w33_log_file_size_retention'
2025-08-18 17:26:32,135 - ERROR - PowerShell command failed: ['powershell', '-Command', 'Get-Service -Name "Alerter" -ErrorAction SilentlyContinue | Select-Object Status, StartType | Format-List']
Stdout: 
Stderr: 
2025-08-18 17:26:32,326 - ERROR - PowerShell command failed: ['powershell', '-Command', 'Get-Service -Name "Automatic Updates" -ErrorAction SilentlyContinue | Select-Object Status, StartType | Format-List']
Stdout: 
Stderr: 
2025-08-18 17:26:32,596 - ERROR - PowerShell command failed: ['powershell', '-Command', 'Get-Service -Name "Clipbook" -ErrorAction SilentlyContinue | Select-Object Status, StartType | Format-List']
Stdout: 
Stderr: 
2025-08-18 17:26:32,787 - ERROR - PowerShell command failed: ['powershell', '-Command', 'Get-Service -Name "Computer Browser" -ErrorAction SilentlyContinue | Select-Object Status, StartType | Format-List']
Stdout: 
Stderr: 
2025-08-18 17:26:32,981 - ERROR - PowerShell command failed: ['powershell', '-Command', 'Get-Service -Name "Error Reporting Service" -ErrorAction SilentlyContinue | Select-Object Status, StartType | Format-List']
Stdout: 
Stderr: 
2025-08-18 17:26:33,174 - ERROR - PowerShell command failed: ['powershell', '-Command', 'Get-Service -Name "Messenger" -ErrorAction SilentlyContinue | Select-Object Status, StartType | Format-List']
Stdout: 
Stderr: 
2025-08-18 17:26:33,367 - ERROR - PowerShell command failed: ['powershell', '-Command', 'Get-Service -Name "NetMeeting Remote Desktop Sharing" -ErrorAction SilentlyContinue | Select-Object Status, StartType | Format-List']
Stdout: 
Stderr: 
2025-08-18 17:26:33,740 - ERROR - PowerShell command failed: ['powershell', '-Command', 'Get-Service -Name "Simple TCP/IP Services" -ErrorAction SilentlyContinue | Select-Object Status, StartType | Format-List']
Stdout: 
Stderr: 
2025-08-18 17:26:33,927 - ERROR - PowerShell command failed: ['powershell', '-Command', 'Get-Service -Name "Wireless Zero Configuration" -ErrorAction SilentlyContinue | Select-Object Status, StartType | Format-List']
Stdout: 
Stderr: 
2025-08-18 17:26:34,309 - ERROR - PowerShell command failed: ['powershell', '-Command', 'Get-Service -Name "W3SVC" -ErrorAction SilentlyContinue | Select-Object Status, StartType | Format-List']
Stdout: 
Stderr: 
2025-08-18 17:26:34,487 - ERROR - PowerShell command failed: ['powershell', '-Command', 'Get-Service -Name "W3SVC" -ErrorAction SilentlyContinue | Select-Object Status, StartType | Format-List']
Stdout: 
Stderr: 
2025-08-18 17:26:34,672 - ERROR - PowerShell command failed: ['powershell', '-Command', 'Get-Service -Name "W3SVC" -ErrorAction SilentlyContinue | Select-Object Status, StartType | Format-List']
Stdout: 
Stderr: 
2025-08-18 17:26:34,863 - ERROR - PowerShell command failed: ['powershell', '-Command', 'Get-Service -Name "W3SVC" -ErrorAction SilentlyContinue | Select-Object Status, StartType | Format-List']
Stdout: 
Stderr: 
2025-08-18 17:26:35,074 - ERROR - PowerShell command failed: ['powershell', '-Command', 'Get-Service -Name "W3SVC" -ErrorAction SilentlyContinue | Select-Object Status, StartType | Format-List']
Stdout: 
Stderr: 
2025-08-18 17:26:35,260 - ERROR - PowerShell command failed: ['powershell', '-Command', 'Get-Service -Name "W3SVC" -ErrorAction SilentlyContinue | Select-Object Status, StartType | Format-List']
Stdout: 
Stderr: 
2025-08-18 17:26:35,466 - ERROR - PowerShell command failed: ['powershell', '-Command', 'Get-Service -Name "W3SVC" -ErrorAction SilentlyContinue | Select-Object Status, StartType | Format-List']
Stdout: 
Stderr: 
2025-08-18 17:26:35,667 - ERROR - PowerShell command failed: ['powershell', '-Command', 'Get-Service -Name "W3SVC" -ErrorAction SilentlyContinue | Select-Object Status, StartType | Format-List']
Stdout: 
Stderr: 
2025-08-18 17:26:35,877 - ERROR - PowerShell command failed: ['powershell', '-Command', 'Get-Service -Name "W3SVC" -ErrorAction SilentlyContinue | Select-Object Status, StartType | Format-List']
Stdout: 
Stderr: 
2025-08-18 17:26:36,077 - ERROR - PowerShell command failed: ['powershell', '-Command', 'Get-Service -Name "W3SVC" -ErrorAction SilentlyContinue | Select-Object Status, StartType | Format-List']
Stdout: 
Stderr: 
2025-08-18 17:26:36,517 - ERROR - PowerShell command failed: ['powershell', '-Command', 'Get-Service -Name "W3SVC" -ErrorAction SilentlyContinue | Select-Object Status, StartType | Format-List']
Stdout: 
Stderr: 
2025-08-18 17:26:36,927 - ERROR - PowerShell command failed: ['powershell', '-Command', 'Get-Service -Name "FTPSVC" -ErrorAction SilentlyContinue | Select-Object Status, StartType | Format-List']
Stdout: 
Stderr: 
2025-08-18 17:26:37,111 - ERROR - PowerShell command failed: ['powershell', '-Command', 'Get-Service -Name "FTPSVC" -ErrorAction SilentlyContinue | Select-Object Status, StartType | Format-List']
Stdout: 
Stderr: 
2025-08-18 17:26:37,290 - ERROR - PowerShell command failed: ['powershell', '-Command', 'Get-Service -Name "FTPSVC" -ErrorAction SilentlyContinue | Select-Object Status, StartType | Format-List']
Stdout: 
Stderr: 
2025-08-18 17:26:37,477 - ERROR - PowerShell command failed: ['powershell', '-Command', 'Get-Service -Name "DNS" -ErrorAction SilentlyContinue | Select-Object Status, StartType | Format-List']
Stdout: 
Stderr: 
2025-08-18 17:26:37,655 - ERROR - PowerShell command failed: ['powershell', '-Command', 'Get-Service -Name "W3SVC" -ErrorAction SilentlyContinue | Select-Object Status, StartType | Format-List']
Stdout: 
Stderr: 
2025-08-18 17:26:37,846 - ERROR - PowerShell command failed: ['powershell', '-Command', 'Get-Service -Name "W3SVC" -ErrorAction SilentlyContinue | Select-Object Status, StartType | Format-List']
Stdout: 
Stderr: 
2025-08-18 17:26:38,598 - ERROR - PowerShell command failed: ['powershell', '-Command', 'Get-Service -Name "DNS" -ErrorAction SilentlyContinue | Select-Object Status, StartType | Format-List']
Stdout: 
Stderr: 
2025-08-18 17:26:38,788 - ERROR - PowerShell command failed: ['powershell', '-Command', 'Get-Service -Name "W3SVC" -ErrorAction SilentlyContinue | Select-Object Status, StartType | Format-List']
Stdout: 
Stderr: 
2025-08-18 17:26:38,977 - ERROR - PowerShell command failed: ['powershell', '-Command', 'Get-Service -Name "FTPSVC" -ErrorAction SilentlyContinue | Select-Object Status, StartType | Format-List']
Stdout: 
Stderr: 
2025-08-18 17:26:39,178 - ERROR - PowerShell command failed: ['powershell', '-Command', 'Get-Service -Name "SMTPSVC" -ErrorAction SilentlyContinue | Select-Object Status, StartType | Format-List']
Stdout: 
Stderr: 
2025-08-18 17:26:39,393 - ERROR - PowerShell command failed: ['powershell', '-Command', 'Get-Service -Name "TlntSvr" -ErrorAction SilentlyContinue | Select-Object Status, StartType | Format-List']
Stdout: 
Stderr: 
2025-08-18 17:26:41,774 - ERROR - PowerShell command failed: ['powershell', '-Command', 'Get-ItemProperty HKLM:\\SOFTWARE\\Microsoft\\Microsoft SQL Server\\Instance Names\\SQL -ErrorAction SilentlyContinue | Select-Object -ExpandProperty Property | ConvertTo-Json']
Stdout: 
Stderr: Get-ItemProperty : 'Server\Instance' 인수를 허용하는 위치 매개 변수를 찾을 수 없습니다.
위치 줄:1 문자:1
+ Get-ItemProperty HKLM:\SOFTWARE\Microsoft\Microsoft SQL Server\Instan ...
+ ~~~~~~~~~~~~~~~~~~~~~~~~~~~~~~~~~~~~~~~~~~~~~~~~~~~~~~~~~~~~~~~~~~~~~
    + CategoryInfo          : InvalidArgument: (:) [Get-ItemProperty], ParameterBindingException
    + FullyQualifiedErrorId : PositionalParameterNotFound,Microsoft.PowerShell.Commands.GetItemPropertyCommand
 

2025-08-18 17:26:42,278 - ERROR - 점검 모듈 'LogManagementAudit' 실행 중 오류 발생: 'LogManagementAudit' object has no attribute 'check_w33_log_file_size_retention'
