2025-07-24 16:26:19,873 - INFO - 예시 설정 파일 'audit_config.json'이 생성되었습니다. 실제 점검 시에는 이 파일을 수정하세요.
2025-07-24 16:26:19,943 - INFO - 점검 엔진 초기화 완료. 현재 OS: Windows
2025-07-24 16:26:19,950 - INFO - 설정 파일 'audit_config.json'을 성공적으로 로드했습니다.
2025-07-24 16:26:19,951 - INFO - 'Windows' 플랫폼 전용 설정을 로드했습니다.
2025-07-24 16:26:19,951 - INFO - 보안 점검을 시작합니다.
2025-07-24 16:26:19,951 - INFO - Windows 점검 모듈은 아직 구현되지 않았습니다.
2025-07-24 16:26:19,952 - INFO - 보안 점검이 완료되었습니다.
2025-07-24 16:26:19,952 - INFO - 점검 보고서를 생성합니다.
2025-07-24 16:26:19,952 - INFO - 점검 보고서 생성이 완료되었습니다.
2025-07-25 10:31:17,218 - INFO - 예시 설정 파일 'audit_config.json'이 생성되었습니다. 실제 점검 시에는 이 파일을 수정하세요.
2025-07-25 10:31:17,399 - INFO - 점검 엔진 초기화 완료. 현재 OS: Windows
2025-07-25 10:31:17,399 - INFO - 설정 파일 'audit_config.json'을 성공적으로 로드했습니다.
2025-07-25 10:31:17,399 - INFO - 'Windows' 플랫폼 전용 설정을 로드했습니다.
2025-07-25 10:31:17,399 - INFO - 보안 점검을 시작합니다.
2025-07-25 10:31:17,399 - INFO - Windows 점검 모듈은 아직 구현되지 않았습니다.
2025-07-25 10:31:17,399 - INFO - 보안 점검이 완료되었습니다.
2025-07-25 10:31:17,399 - INFO - 점검 보고서를 생성합니다.
2025-07-25 10:31:17,400 - INFO - 점검 보고서 생성이 완료되었습니다.
2025-07-25 13:42:30,181 - INFO - 예시 설정 파일 'audit_config.json'이 생성되었습니다. 실제 점검 시에는 이 파일을 수정하세요.
2025-07-25 13:42:30,265 - INFO - 점검 엔진 초기화 완료. 현재 OS: Windows
2025-07-25 13:42:30,265 - INFO - 설정 파일 'audit_config.json'을 성공적으로 로드했습니다.
2025-07-25 13:42:30,266 - INFO - 'Windows' 플랫폼 전용 설정을 로드했습니다.
2025-07-25 13:42:30,266 - INFO - 보안 점검을 시작합니다.
2025-07-25 13:42:30,266 - INFO - Windows 점검 모듈은 아직 구현되지 않았습니다.
2025-07-25 13:42:30,266 - INFO - 보안 점검이 완료되었습니다.
2025-07-25 13:42:30,266 - INFO - 점검 보고서를 생성합니다.
2025-07-25 13:42:30,267 - INFO - 점검 보고서 생성이 완료되었습니다.
2025-07-28 09:57:28,318 - INFO - 예시 설정 파일 'audit_config.json'이 생성되었습니다. 실제 점검 시에는 이 파일을 수정하세요.
2025-07-28 09:57:28,508 - INFO - 점검 엔진 초기화 완료. 현재 OS: Windows
2025-07-28 09:57:28,508 - INFO - 설정 파일 'audit_config.json'을 성공적으로 로드했습니다.
2025-07-28 09:57:28,508 - INFO - 'Windows' 플랫폼 전용 설정을 로드했습니다.
2025-07-28 09:57:28,508 - INFO - 보안 점검을 시작합니다.
2025-07-28 09:57:28,508 - INFO - Windows 점검 모듈은 아직 구현되지 않았습니다.
2025-07-28 09:57:28,509 - INFO - 보안 점검이 완료되었습니다.
2025-07-28 09:57:28,509 - INFO - 점검 보고서를 생성합니다.
2025-07-28 09:57:28,509 - INFO - 점검 보고서 생성이 완료되었습니다.
2025-07-28 10:09:42,529 - INFO - 예시 설정 파일 'audit_config.json'이 생성되었습니다. 실제 점검 시에는 이 파일을 수정하세요.
2025-07-28 10:09:42,615 - INFO - 점검 엔진 초기화 완료. 현재 OS: Windows
2025-07-28 10:09:42,615 - INFO - 설정 파일 'audit_config.json'을 성공적으로 로드했습니다.
2025-07-28 10:09:42,615 - INFO - 'Windows' 플랫폼 전용 설정을 로드했습니다.
2025-07-28 10:09:42,616 - INFO - 보안 점검을 시작합니다.
2025-07-28 10:09:42,616 - INFO - Windows 점검 모듈은 아직 구현되지 않았습니다.
2025-07-28 10:09:42,616 - INFO - 보안 점검이 완료되었습니다.
2025-07-28 10:09:42,616 - INFO - 점검 보고서를 생성합니다.
2025-07-28 10:09:42,617 - INFO - 점검 보고서 생성이 완료되었습니다.
2025-07-28 10:09:45,471 - INFO - 예시 설정 파일 'audit_config.json'이 생성되었습니다. 실제 점검 시에는 이 파일을 수정하세요.
2025-07-28 10:09:45,507 - INFO - 점검 엔진 초기화 완료. 현재 OS: Windows
2025-07-28 10:09:45,509 - INFO - 설정 파일 'audit_config.json'을 성공적으로 로드했습니다.
2025-07-28 10:09:45,509 - INFO - 'Windows' 플랫폼 전용 설정을 로드했습니다.
2025-07-28 10:09:45,509 - INFO - 보안 점검을 시작합니다.
2025-07-28 10:09:45,509 - INFO - Windows 점검 모듈은 아직 구현되지 않았습니다.
2025-07-28 10:09:45,509 - INFO - 보안 점검이 완료되었습니다.
2025-07-28 10:09:45,509 - INFO - 점검 보고서를 생성합니다.
2025-07-28 10:09:45,510 - INFO - 점검 보고서 생성이 완료되었습니다.
2025-07-28 10:11:04,073 - INFO - 예시 설정 파일 'audit_config.json'이 생성되었습니다. 실제 점검 시에는 이 파일을 수정하세요.
2025-07-28 10:11:04,138 - INFO - 점검 엔진 초기화 완료. 현재 OS: Windows
2025-07-28 10:11:04,139 - INFO - 설정 파일 'audit_config.json'을 성공적으로 로드했습니다.
2025-07-28 10:11:04,140 - INFO - 'Windows' 플랫폼 전용 설정을 로드했습니다.
2025-07-28 10:11:04,140 - INFO - 보안 점검을 시작합니다.
2025-07-28 10:11:04,140 - INFO - Windows 점검 모듈은 아직 구현되지 않았습니다.
2025-07-28 10:11:04,140 - INFO - 보안 점검이 완료되었습니다.
2025-07-28 10:11:04,140 - INFO - 점검 보고서를 생성합니다.
2025-07-28 10:11:04,141 - INFO - 점검 보고서 생성이 완료되었습니다.
2025-07-28 10:39:15,804 - INFO - 예시 설정 파일 'audit_config.json'이 생성되었습니다. 실제 점검 시에는 이 파일을 수정하세요.
2025-07-28 10:39:15,896 - INFO - 점검 엔진 초기화 완료. 현재 OS: Windows
2025-07-28 10:39:15,897 - INFO - 설정 파일 'audit_config.json'을 성공적으로 로드했습니다.
2025-07-28 10:39:15,897 - INFO - 'Windows' 플랫폼 전용 설정을 로드했습니다.
2025-07-28 10:39:15,897 - INFO - 보안 점검을 시작합니다.
2025-07-28 10:39:15,897 - INFO - Windows 점검 모듈은 아직 구현되지 않았습니다.
2025-07-28 10:39:15,898 - INFO - 보안 점검이 완료되었습니다.
2025-07-28 10:39:15,898 - INFO - 점검 보고서를 생성합니다.
2025-07-28 10:39:15,898 - INFO - 점검 보고서 생성이 완료되었습니다.
2025-07-28 10:40:01,154 - INFO - 예시 설정 파일 'audit_config.json'이 생성되었습니다. 실제 점검 시에는 이 파일을 수정하세요.
2025-07-28 10:40:01,197 - INFO - 점검 엔진 초기화 완료. 현재 OS: Windows
2025-07-28 10:40:01,198 - INFO - 설정 파일 'audit_config.json'을 성공적으로 로드했습니다.
2025-07-28 10:40:01,198 - INFO - 'Windows' 플랫폼 전용 설정을 로드했습니다.
2025-07-28 10:40:01,199 - INFO - 보안 점검을 시작합니다.
2025-07-28 10:40:01,199 - INFO - Windows 점검 모듈은 아직 구현되지 않았습니다.
2025-07-28 10:40:01,199 - INFO - 모듈 실행: 파일 권한 점검
2025-07-28 10:40:01,199 - INFO - 파일 권한 점검을 시작합니다.
2025-07-28 10:40:01,199 - INFO - 파일 권한 점검 완료.
2025-07-28 10:40:01,199 - INFO - 보안 점검이 완료되었습니다.
2025-07-28 10:40:01,199 - INFO - 점검 보고서를 생성합니다.
2025-07-28 10:40:01,200 - INFO - 점검 보고서 생성이 완료되었습니다.
2025-07-28 10:54:50,328 - INFO - 예시 설정 파일 'audit_config.json'이 생성되었습니다. 실제 점검 시에는 이 파일을 수정하세요.
2025-07-28 10:54:50,408 - INFO - 점검 엔진 초기화 완료. 현재 OS: Windows
2025-07-28 10:54:50,409 - INFO - 설정 파일 'audit_config.json'을 성공적으로 로드했습니다.
2025-07-28 10:54:50,409 - INFO - 'Windows' 플랫폼 전용 설정을 로드했습니다.
2025-07-28 10:54:50,409 - INFO - 보안 점검을 시작합니다.
2025-07-28 10:54:50,410 - INFO - Windows 점검 모듈은 아직 구현되지 않았습니다.
2025-07-28 10:54:50,410 - INFO - 모듈 실행: 파일 권한 점검
2025-07-28 10:54:50,410 - INFO - 파일 권한 점검을 시작합니다.
2025-07-28 10:54:50,410 - INFO - 파일 권한 점검 완료.
2025-07-28 10:54:50,410 - INFO - 보안 점검이 완료되었습니다.
2025-07-28 10:54:50,410 - INFO - 점검 보고서를 생성합니다.
2025-07-28 10:54:50,411 - INFO - 점검 보고서 생성이 완료되었습니다.
2025-07-28 10:55:09,700 - INFO - 예시 설정 파일 'audit_config.json'이 생성되었습니다. 실제 점검 시에는 이 파일을 수정하세요.
2025-07-28 10:55:09,743 - INFO - 점검 엔진 초기화 완료. 현재 OS: Windows
2025-07-28 10:55:09,745 - INFO - 설정 파일 'audit_config.json'을 성공적으로 로드했습니다.
2025-07-28 10:55:09,745 - INFO - 'Windows' 플랫폼 전용 설정을 로드했습니다.
2025-07-28 10:55:09,745 - INFO - 보안 점검을 시작합니다.
2025-07-28 10:55:09,745 - INFO - Windows 점검 모듈은 아직 구현되지 않았습니다.
2025-07-28 10:55:09,746 - INFO - 모듈 실행: 파일 권한 점검
2025-07-28 10:55:09,746 - INFO - 파일 권한 점검을 시작합니다.
2025-07-28 10:55:09,746 - INFO - 파일 권한 점검 완료.
2025-07-28 10:55:09,746 - INFO - 보안 점검이 완료되었습니다.
2025-07-28 10:55:09,746 - INFO - 점검 보고서를 생성합니다.
2025-07-28 10:55:09,747 - INFO - 점검 보고서 생성이 완료되었습니다.
2025-07-28 10:55:39,537 - INFO - 예시 설정 파일 'audit_config.json'이 생성되었습니다. 실제 점검 시에는 이 파일을 수정하세요.
2025-07-28 10:55:39,579 - INFO - 점검 엔진 초기화 완료. 현재 OS: Windows
2025-07-28 10:55:39,580 - INFO - 설정 파일 'audit_config.json'을 성공적으로 로드했습니다.
2025-07-28 10:55:39,580 - INFO - 'Windows' 플랫폼 전용 설정을 로드했습니다.
2025-07-28 10:55:39,580 - INFO - 보안 점검을 시작합니다.
2025-07-28 10:55:39,581 - INFO - Windows 점검 모듈은 아직 구현되지 않았습니다.
2025-07-28 10:55:39,581 - INFO - 모듈 실행: 파일 권한 점검
2025-07-28 10:55:39,581 - INFO - 파일 권한 점검을 시작합니다.
2025-07-28 10:55:39,581 - INFO - 파일 권한 점검 완료.
2025-07-28 10:55:39,581 - INFO - 보안 점검이 완료되었습니다.
2025-07-28 10:55:39,581 - INFO - 점검 보고서를 생성합니다.
2025-07-28 10:56:15,181 - INFO - 예시 설정 파일 'audit_config.json'이 생성되었습니다. 실제 점검 시에는 이 파일을 수정하세요.
2025-07-28 10:56:15,225 - INFO - 점검 엔진 초기화 완료. 현재 OS: Windows
2025-07-28 10:56:15,226 - INFO - 설정 파일 'audit_config.json'을 성공적으로 로드했습니다.
2025-07-28 10:56:15,227 - INFO - 'Windows' 플랫폼 전용 설정을 로드했습니다.
2025-07-28 10:56:15,227 - INFO - 보안 점검을 시작합니다.
2025-07-28 10:56:15,227 - INFO - Windows 점검 모듈은 아직 구현되지 않았습니다.
2025-07-28 10:56:15,227 - INFO - 모듈 실행: 파일 권한 점검
2025-07-28 10:56:15,227 - INFO - 파일 권한 점검을 시작합니다.
2025-07-28 10:56:15,227 - INFO - 파일 권한 점검 완료.
2025-07-28 10:56:15,227 - INFO - 보안 점검이 완료되었습니다.
2025-07-28 10:56:15,227 - INFO - 점검 보고서를 생성합니다.
2025-07-28 10:56:15,228 - INFO - 점검 보고서 생성이 완료되었습니다.
2025-07-28 11:17:33,128 - INFO - 예시 설정 파일 'audit_config.json'이 생성되었습니다. 실제 점검 시에는 이 파일을 수정하세요.
2025-07-28 11:17:33,312 - INFO - 점검 엔진 초기화 완료. 현재 OS: Windows
2025-07-28 11:17:33,312 - INFO - 설정 파일 'audit_config.json'을 성공적으로 로드했습니다.
2025-07-28 11:17:33,313 - INFO - 'Windows' 플랫폼 전용 설정을 로드했습니다.
2025-07-28 11:17:33,313 - INFO - 보안 점검을 시작합니다.
2025-07-28 11:17:33,313 - INFO - Windows 점검 모듈은 아직 구현되지 않았습니다.
2025-07-28 11:17:33,313 - INFO - 보안 점검이 완료되었습니다.
2025-07-28 11:17:33,313 - INFO - 점검 보고서를 생성합니다.
2025-07-28 11:17:33,314 - INFO - 점검 보고서 생성이 완료되었습니다.
